make all --print-data-base --no-builtin-variables --no-builtin-rules --question
# GNU Make 4.3
# Built for x86_64-pc-linux-gnu
# Copyright (C) 1988-2020 Free Software Foundation, Inc.
# License GPLv3+: GNU GPL version 3 or later <http://gnu.org/licenses/gpl.html>
# This is free software: you are free to change and redistribute it.
# There is NO WARRANTY, to the extent permitted by law.

# Make data base, printed on Thu Jun 16 18:02:30 2022

# Variables

# environment
GDK_BACKEND = x11
# environment
LC_ALL = C
# environment
NO_AT_BRIDGE = 1
# environment
VSCODE_IPC_HOOK_EXTHOST = /run/user/1000/vscode-ipc-e80ae918-e46b-41e5-af63-88979a5e62b1.sock
# environment
VSCODE_CWD = /home/huibosa
# environment
WINDOWPATH = 1
# environment
LESS_TERMCAP_me = [m
# environment
LESS_TERMCAP_mr = [7m
# default
MAKE_COMMAND := make
# environment
HISTFILE = /home/huibosa/.zsh_history
# environment
GOPATH = /home/huibosa/.go
# environment
LESS_TERMCAP_ZW = 
# automatic
@D = $(patsubst %/,%,$(dir $@))
# environment
VSCODE_HANDLES_UNCAUGHT_ERRORS = true
# default
.VARIABLES := 
# environment
PWD = /home/huibosa/Programming/course/15-213/homework-problems/src
# automatic
%D = $(patsubst %/,%,$(dir $%))
# environment
MAIL = /var/spool/mail/huibosa
# environment
OLDPWD = /home/huibosa
# automatic
^D = $(patsubst %/,%,$(dir $^))
# environment
VSCODE_LOG_STACK = false
# automatic
%F = $(notdir $%)
# environment
VSCODE_CODE_CACHE_PATH = /home/huibosa/.config/Code/CachedData/30d9c6cd9483b2cc586687151bcbcd635f373630
# environment
LANG = C
# environment
XAUTHORITY = /home/huibosa/.Xauthority
# default
.LOADED := 
# environment
LESS_TERMCAP_md = [1m[36m
# default
.INCLUDE_DIRS = /usr/include /usr/local/include /usr/include
# makefile
MAKEFLAGS = pqrR
# environment
LESS_TERMCAP_ZN = 
# environment
BACKUP = /backup
# environment
LESS_TERMCAP_so = [1m[33m[44m
# makefile
CURDIR := /home/huibosa/Programming/course/15-213/homework-problems/src
# environment
VSCODE_PIPE_LOGGING = true
# environment
APPLICATION_INSIGHTS_NO_DIAGNOSTIC_CHANNEL = 1
# makefile (from 'Makefile', line 3)
SRCS = $(wildcard *.c)
# automatic
*D = $(patsubst %/,%,$(dir $*))
# environment
LESS_TERMCAP_ue = [24m(B[m
# environment
MFLAGS = -pqrR
# default
.SHELLFLAGS := -c
# environment
HISTSIZE = 10000000
# automatic
+D = $(patsubst %/,%,$(dir $+))
# makefile (from 'Makefile', line 1)
MAKEFILE_LIST := Makefile
# automatic
@F = $(notdir $@)
# environment
VSCODE_VERBOSE_LOGGING = true
# environment
VSCODE_PID = 55028
# environment
XDG_SESSION_TYPE = tty
# automatic
?D = $(patsubst %/,%,$(dir $?))
# automatic
*F = $(notdir $*)
# environment
CHROME_DESKTOP = code-url-handler.desktop
# environment
DBUS_SESSION_BUS_ADDRESS = unix:path=/run/user/1000/bus
# automatic
<D = $(patsubst %/,%,$(dir $<))
# environment
VSCODE_NLS_CONFIG = {"locale":"en-us","availableLanguages":{},"_languagePackSupport":true}
# default
MAKE_HOST := x86_64-pc-linux-gnu
# makefile
SHELL = /bin/sh
# environment
LESS_TERMCAP_mh = [2m
# environment
LESS_TERMCAP_us = [4m[1m[37m
# default
MAKECMDGOALS := all
# environment
READER = zathura
# environment
SHLVL = 5
# environment
MAKELEVEL := 0
# default
MAKE = $(MAKE_COMMAND)
# environment
PATH = /usr/local/go/bin:/home/huibosa/.go/bin:/home/huibosa/.scripts:/home/huibosa/.local/bin:/usr/local/sbin:/usr/local/bin:/usr/bin:/usr/bin/site_perl:/usr/bin/vendor_perl:/usr/bin/core_perl:/home/huibosa/.antigen/bundles/agkozak/zsh-z:/home/huibosa/.antigen/bundles/zsh-users/zsh-autosuggestions:/home/huibosa/.antigen/bundles/zsh-users/zsh-syntax-highlighting
# environment
LESS_TERMCAP_se = [27m(B[m
# default
MAKEFILES := 
# environment
MOTD_SHOWN = pam
# automatic
^F = $(notdir $^)
# environment
LESS_TERMCAP_mb = [1m[32m
# environment
INVOCATION_ID = e327a683f31c4545a12c47e843d4192d
# environment
VSCODE_LOG_NATIVE = false
# environment
PAPER = less
# automatic
?F = $(notdir $?)
# environment
XDG_SEAT = seat0
# environment
LESS_TERMCAP_ZO = 
# environment
LS_COLORS = di=34;01:*Makefile=38;5;178:*.ipynb=38;5;208:*.7z=31:*.WARC=31:*.a=31:*.arj=31:*.bz2=31:*.cpio=31:*.gz=31:*.lrz=31:*.lz=31:*.lzma=31:*.lzo=31:*.rar=31:*.s7z=31:*.sz=31:*.tar=31:*.tbz=31:*.tgz=31:*.warc=31:*.xz=31:*.z=31:*.zip=31:*.zipx=31:*.zoo=31:*.zpaq=31:*.zst=31:*.zstd=31:*.zz=31:
# automatic
+F = $(notdir $+)
# environment
ORIGINAL_XDG_CURRENT_DESKTOP = undefined
# 'override' directive
GNUMAKEFLAGS := 
# environment
BROWSER = chromium
# environment
LOGNAME = huibosa
# environment
XDG_VTNR = 1
# makefile
.DEFAULT_GOAL := all
# environment
LESS_TERMCAP_ZV = 
# environment
SYSTEMD_EXEC_PID = 2753
# environment
SAVEHIST = 10000000
# environment
EDITOR = nvim
# environment
DISPLAY = :0
# environment
GTK_MODULES = canberra-gtk-module
# environment
USER = huibosa
# default
MAKE_VERSION := 4.3
# environment
_ = /usr/bin/make
# environment
XDG_RUNTIME_DIR = /run/user/1000
# makefile (from 'Makefile', line 2)
CFLAGS = -Wall -g -Og
# environment
XDG_SESSION_CLASS = user
# environment
VSCODE_AMD_ENTRYPOINT = vs/workbench/api/node/extensionHostProcess
# environment
HOME = /home/huibosa
# environment
ELECTRON_RUN_AS_NODE = 1
# environment
VSCODE_IPC_HOOK = /run/user/1000/vscode-b6aad75a-1.68.1-main.sock
# environment
TERM = linux
# environment
XDG_SESSION_ID = 1
# environment
GOPROXY = https://goproxy.io
# default
.RECIPEPREFIX := 
# automatic
<F = $(notdir $<)
# default
SUFFIXES := 
# environment
VSCODE_CLI = 1
# environment
ELECTRON_NO_ATTACH_CONSOLE = 1
# default
.FEATURES := target-specific order-only second-expansion else-if shortest-stem undefine oneshell nocomment grouped-target extra-prereqs archives jobserver output-sync check-symlink guile load
# makefile (from 'Makefile', line 1)
CC = gcc
# makefile (from 'Makefile', line 4)
PROGS = $(patsubst %.c,%.out,$(SRCS))
# variable set hash-table stats:
# Load=109/1024=11%, Rehash=0, Collisions=15/146=10%

# Pattern-specific Variable Values

# No pattern-specific variable values.

# Directories

# . (device 2052, inode 1451913): 23 files, no impossibilities.

# 23 files, no impossibilities in 1 directories.

# Implicit Rules

%.out: %.c
#  recipe to execute (from 'Makefile', line 9):
	$(CC) $(CFLAGS) -o $@ $< -lcsapp

# 1 implicit rules, 0 (0.0%) terminal.
# Files

# Not a target:
10.10.c:
#  Implicit rule search has been done.
#  Last modified 2022-06-12 08:08:17.784816385
#  File has been updated.
#  Successfully updated.

# Not a target:
8.13.out:
#  Implicit rule search has not been done.
#  Modification time never checked.
#  File has not been updated.

10.10.out: 10.10.c
#  Implicit rule search has been done.
#  Implicit/static pattern stem: '10.10'
#  File does not exist.
#  File has been updated.
#  Needs to be updated (-q is set).
# automatic
# @ := 10.10.out
# automatic
# * := 10.10
# automatic
# < := 10.10.c
# automatic
# + := 10.10.c
# automatic
# % := 
# automatic
# ^ := 10.10.c
# automatic
# ? := 10.10.c
# automatic
# | := 
# variable set hash-table stats:
# Load=8/32=25%, Rehash=0, Collisions=2/15=13%
#  recipe to execute (from 'Makefile', line 9):
 
	$(CC) $(CFLAGS) -o $@ $< -lcsapp

# Not a target:
8.15.out:
#  Implicit rule search has not been done.
#  Modification time never checked.
#  File has not been updated.

# Not a target:
Makefile:
#  Implicit rule search has been done.
#  Last modified 2022-06-12 08:08:17.788149718
#  File has been updated.
#  Successfully updated.

clean:
#  Phony target (prerequisite of .PHONY).
#  Implicit rule search has not been done.
#  File does not exist.
#  File has not been updated.
#  recipe to execute (from 'Makefile', line 13):
	find ./ -type f -executable -print0 | xargs -0 rm -f --

# Not a target:
8.12.out:
#  Implicit rule search has not been done.
#  Modification time never checked.
#  File has not been updated.

# Not a target:
8.14.out:
#  Implicit rule search has not been done.
#  Modification time never checked.
#  File has not been updated.

# Not a target:
8.16.out:
#  Implicit rule search has not been done.
#  Modification time never checked.
#  File has not been updated.

# Not a target:
.DEFAULT:
#  Implicit rule search has not been done.
#  Modification time never checked.
#  File has not been updated.

all: 10.10.out 10.6.out 10.7.out 10.8.out 8.12.out 8.13.out 8.14.out 8.15.out 8.16.out 8.18.out 8.19.out 8.20.out 8.22.out 8.24.out
#  Command line target.
#  Implicit rule search has been done.
#  File does not exist.
#  File has been updated.
#  Needs to be updated (-q is set).
# variable set hash-table stats:
# Load=0/32=0%, Rehash=0, Collisions=0/5=0%

# Not a target:
10.7.out:
#  Implicit rule search has not been done.
#  Modification time never checked.
#  File has not been updated.

# Not a target:
8.18.out:
#  Implicit rule search has not been done.
#  Modification time never checked.
#  File has not been updated.

# Not a target:
10.8.out:
#  Implicit rule search has not been done.
#  Modification time never checked.
#  File has not been updated.

# Not a target:
8.22.out:
#  Implicit rule search has not been done.
#  Modification time never checked.
#  File has not been updated.

# Not a target:
10.6.out:
#  Implicit rule search has not been done.
#  Modification time never checked.
#  File has not been updated.

# Not a target:
8.24.out:
#  Implicit rule search has not been done.
#  Modification time never checked.
#  File has not been updated.

.PHONY: clean
#  Implicit rule search has not been done.
#  Modification time never checked.
#  File has not been updated.

# Not a target:
8.19.out:
#  Implicit rule search has not been done.
#  Modification time never checked.
#  File has not been updated.

# Not a target:
8.20.out:
#  Implicit rule search has not been done.
#  Modification time never checked.
#  File has not been updated.

# files hash-table stats:
# Load=21/1024=2%, Rehash=0, Collisions=0/51=0%
# VPATH Search Paths

# No 'vpath' search paths.

# No general ('VPATH' variable) search path.

# strcache buffers: 1 (0) / strings = 47 / storage = 374 B / avg = 7 B
# current buf: size = 8162 B / used = 374 B / count = 47 / avg = 7 B

# strcache performance: lookups = 58 / hit rate = 18%
# hash-table stats:
# Load=47/8192=1%, Rehash=0, Collisions=0/58=0%
# Finished Make data base on Thu Jun 16 18:02:30 2022

 
